[29-Mar-2024 07:05:41] NOTICE: fpm is running, pid 20835
[29-Mar-2024 07:05:41] NOTICE: ready to handle connections
[29-Mar-2024 07:10:09] NOTICE: Terminating ...
[29-Mar-2024 07:10:09] NOTICE: Terminating ...
[29-Mar-2024 07:10:09] NOTICE: exiting, bye-bye!
[29-Mar-2024 07:10:13] NOTICE: fpm is running, pid 21428
[29-Mar-2024 07:10:13] NOTICE: ready to handle connections
[29-Mar-2024 07:13:29] NOTICE: Terminating ...
[29-Mar-2024 07:13:29] NOTICE: Terminating ...
[29-Mar-2024 07:13:29] NOTICE: exiting, bye-bye!
[29-Mar-2024 07:13:32] NOTICE: fpm is running, pid 21741
[29-Mar-2024 07:13:32] NOTICE: ready to handle connections
[29-Mar-2024 07:14:53] NOTICE: Terminating ...
[29-Mar-2024 07:14:53] NOTICE: Terminating ...
[29-Mar-2024 07:14:53] NOTICE: exiting, bye-bye!
[29-Mar-2024 07:15:07] NOTICE: fpm is running, pid 22075
[29-Mar-2024 07:15:07] NOTICE: ready to handle connections
[29-Mar-2024 07:18:07] NOTICE: Terminating ...
[29-Mar-2024 07:18:07] NOTICE: Terminating ...
[29-Mar-2024 07:18:07] NOTICE: exiting, bye-bye!
[29-Mar-2024 07:18:12] NOTICE: fpm is running, pid 22718
[29-Mar-2024 07:18:12] NOTICE: ready to handle connections
[29-Mar-2024 07:19:35] NOTICE: Terminating ...
[29-Mar-2024 07:19:35] NOTICE: Terminating ...
[29-Mar-2024 07:19:35] NOTICE: exiting, bye-bye!
[29-Mar-2024 07:19:38] NOTICE: fpm is running, pid 23055
[29-Mar-2024 07:19:38] NOTICE: ready to handle connections
[29-Mar-2024 07:30:46] NOTICE: Terminating ...
[29-Mar-2024 07:30:46] NOTICE: Terminating ...
[29-Mar-2024 07:30:46] NOTICE: exiting, bye-bye!
[01-Apr-2024 07:34:15] NOTICE: fpm is running, pid 5403
[01-Apr-2024 07:34:15] NOTICE: ready to handle connections
